<?xml version="1.0" encoding="UTF-8"?>
<testng-results ignored="0" total="9" passed="9" failed="0" skipped="0">
  <reporter-output>
  </reporter-output>
  <suite started-at="2023-04-08T21:05:23Z" name="Test Suite" finished-at="2023-04-08T21:08:19Z" duration-ms="176019">
    <groups>
      <group name="cucumber">
        <method signature="AbstractTestNGCucumberTests.runScenario(io.cucumber.testng.PickleEventWrapper, io.cucumber.testng.CucumberFeatureWrapper)[pri:0, instance:runner.SubscriptionsPageRunner@2a4fb17b]" name="runScenario" class="io.cucumber.testng.AbstractTestNGCucumberTests"/>
      </group> <!-- cucumber -->
    </groups>
    <test started-at="2023-04-08T21:05:23Z" name="Subscriptions" finished-at="2023-04-08T21:08:19Z" duration-ms="176019">
      <class name="runner.SubscriptionsPageRunner">
        <test-method is-config="true" signature="setUpClass()[pri:0, instance:runner.SubscriptionsPageRunner@2a4fb17b]" started-at="2023-04-08T21:05:23Z" name="setUpClass" finished-at="2023-04-08T21:05:23Z" duration-ms="150" status="PASS">
          <reporter-output>
          </reporter-output>
        </test-method> <!-- setUpClass -->
        <test-method is-config="true" signature="before()[pri:0, instance:runner.SubscriptionsPageRunner@2a4fb17b]" started-at="2023-04-08T21:05:23Z" name="before" finished-at="2023-04-08T21:05:23Z" duration-ms="0" status="PASS">
          <reporter-output>
          </reporter-output>
        </test-method> <!-- before -->
        <test-method signature="runScenario(io.cucumber.testng.PickleEventWrapper, io.cucumber.testng.CucumberFeatureWrapper)[pri:0, instance:runner.SubscriptionsPageRunner@2a4fb17b]" started-at="2023-04-08T21:05:23Z" name="runScenario" description="Runs Cucumber Scenarios" data-provider="scenarios" finished-at="2023-04-08T21:05:43Z" duration-ms="19761" status="PASS">
          <params>
            <param index="0">
              <value>
                <![CDATA["Check BAH Types"]]>
              </value>
            </param>
            <param index="1">
              <value>
                <![CDATA["BAH Page Verifications"]]>
              </value>
            </param>
          </params>
          <reporter-output>
          </reporter-output>
        </test-method> <!-- runScenario -->
        <test-method signature="runScenario(io.cucumber.testng.PickleEventWrapper, io.cucumber.testng.CucumberFeatureWrapper)[pri:0, instance:runner.SubscriptionsPageRunner@2a4fb17b]" started-at="2023-04-08T21:05:43Z" name="runScenario" description="Runs Cucumber Scenarios" data-provider="scenarios" finished-at="2023-04-08T21:06:04Z" duration-ms="21500" status="PASS">
          <params>
            <param index="0">
              <value>
                <![CDATA["Check BAH Types"]]>
              </value>
            </param>
            <param index="1">
              <value>
                <![CDATA["BAH Page Verifications"]]>
              </value>
            </param>
          </params>
          <reporter-output>
          </reporter-output>
        </test-method> <!-- runScenario -->
        <test-method signature="runScenario(io.cucumber.testng.PickleEventWrapper, io.cucumber.testng.CucumberFeatureWrapper)[pri:0, instance:runner.SubscriptionsPageRunner@2a4fb17b]" started-at="2023-04-08T21:06:04Z" name="runScenario" description="Runs Cucumber Scenarios" data-provider="scenarios" finished-at="2023-04-08T21:06:24Z" duration-ms="19189" status="PASS">
          <params>
            <param index="0">
              <value>
                <![CDATA["Check BAH Types"]]>
              </value>
            </param>
            <param index="1">
              <value>
                <![CDATA["BAH Page Verifications"]]>
              </value>
            </param>
          </params>
          <reporter-output>
          </reporter-output>
        </test-method> <!-- runScenario -->
        <test-method signature="runScenario(io.cucumber.testng.PickleEventWrapper, io.cucumber.testng.CucumberFeatureWrapper)[pri:0, instance:runner.SubscriptionsPageRunner@2a4fb17b]" started-at="2023-04-08T21:06:24Z" name="runScenario" description="Runs Cucumber Scenarios" data-provider="scenarios" finished-at="2023-04-08T21:06:36Z" duration-ms="12636" status="PASS">
          <params>
            <param index="0">
              <value>
                <![CDATA["Check KSA Types"]]>
              </value>
            </param>
            <param index="1">
              <value>
                <![CDATA["KSA Page Verifications"]]>
              </value>
            </param>
          </params>
          <reporter-output>
          </reporter-output>
        </test-method> <!-- runScenario -->
        <test-method signature="runScenario(io.cucumber.testng.PickleEventWrapper, io.cucumber.testng.CucumberFeatureWrapper)[pri:0, instance:runner.SubscriptionsPageRunner@2a4fb17b]" started-at="2023-04-08T21:06:36Z" name="runScenario" description="Runs Cucumber Scenarios" data-provider="scenarios" finished-at="2023-04-08T21:06:57Z" duration-ms="20330" status="PASS">
          <params>
            <param index="0">
              <value>
                <![CDATA["Check KSA Types"]]>
              </value>
            </param>
            <param index="1">
              <value>
                <![CDATA["KSA Page Verifications"]]>
              </value>
            </param>
          </params>
          <reporter-output>
          </reporter-output>
        </test-method> <!-- runScenario -->
        <test-method signature="runScenario(io.cucumber.testng.PickleEventWrapper, io.cucumber.testng.CucumberFeatureWrapper)[pri:0, instance:runner.SubscriptionsPageRunner@2a4fb17b]" started-at="2023-04-08T21:06:57Z" name="runScenario" description="Runs Cucumber Scenarios" data-provider="scenarios" finished-at="2023-04-08T21:07:17Z" duration-ms="20099" status="PASS">
          <params>
            <param index="0">
              <value>
                <![CDATA["Check KSA Types"]]>
              </value>
            </param>
            <param index="1">
              <value>
                <![CDATA["KSA Page Verifications"]]>
              </value>
            </param>
          </params>
          <reporter-output>
          </reporter-output>
        </test-method> <!-- runScenario -->
        <test-method signature="runScenario(io.cucumber.testng.PickleEventWrapper, io.cucumber.testng.CucumberFeatureWrapper)[pri:0, instance:runner.SubscriptionsPageRunner@2a4fb17b]" started-at="2023-04-08T21:07:17Z" name="runScenario" description="Runs Cucumber Scenarios" data-provider="scenarios" finished-at="2023-04-08T21:07:39Z" duration-ms="22144" status="PASS">
          <params>
            <param index="0">
              <value>
                <![CDATA["Check KUW Types"]]>
              </value>
            </param>
            <param index="1">
              <value>
                <![CDATA["KUW Page Verifications"]]>
              </value>
            </param>
          </params>
          <reporter-output>
          </reporter-output>
        </test-method> <!-- runScenario -->
        <test-method signature="runScenario(io.cucumber.testng.PickleEventWrapper, io.cucumber.testng.CucumberFeatureWrapper)[pri:0, instance:runner.SubscriptionsPageRunner@2a4fb17b]" started-at="2023-04-08T21:07:39Z" name="runScenario" description="Runs Cucumber Scenarios" data-provider="scenarios" finished-at="2023-04-08T21:07:59Z" duration-ms="20327" status="PASS">
          <params>
            <param index="0">
              <value>
                <![CDATA["Check KUW Types"]]>
              </value>
            </param>
            <param index="1">
              <value>
                <![CDATA["KUW Page Verifications"]]>
              </value>
            </param>
          </params>
          <reporter-output>
          </reporter-output>
        </test-method> <!-- runScenario -->
        <test-method signature="runScenario(io.cucumber.testng.PickleEventWrapper, io.cucumber.testng.CucumberFeatureWrapper)[pri:0, instance:runner.SubscriptionsPageRunner@2a4fb17b]" started-at="2023-04-08T21:07:59Z" name="runScenario" description="Runs Cucumber Scenarios" data-provider="scenarios" finished-at="2023-04-08T21:08:19Z" duration-ms="19614" status="PASS">
          <params>
            <param index="0">
              <value>
                <![CDATA["Check KUW Types"]]>
              </value>
            </param>
            <param index="1">
              <value>
                <![CDATA["KUW Page Verifications"]]>
              </value>
            </param>
          </params>
          <reporter-output>
          </reporter-output>
        </test-method> <!-- runScenario -->
        <test-method is-config="true" signature="after()[pri:0, instance:runner.SubscriptionsPageRunner@2a4fb17b]" started-at="2023-04-08T21:08:19Z" name="after" finished-at="2023-04-08T21:08:19Z" duration-ms="0" status="PASS">
          <reporter-output>
          </reporter-output>
        </test-method> <!-- after -->
        <test-method is-config="true" signature="tearDownClass()[pri:0, instance:runner.SubscriptionsPageRunner@2a4fb17b]" started-at="2023-04-08T21:08:19Z" name="tearDownClass" finished-at="2023-04-08T21:08:19Z" duration-ms="186" status="PASS">
          <reporter-output>
          </reporter-output>
        </test-method> <!-- tearDownClass -->
      </class> <!-- runner.SubscriptionsPageRunner -->
    </test> <!-- Subscriptions -->
  </suite> <!-- Test Suite -->
</testng-results>
