<?xml version="1.0" encoding="UTF-8"?>
<testsuite name="TestSuite" time="175.602" tests="9" errors="0" skipped="0" failures="0">
  <properties>
[...]
</properties>
  <testcase name="runScenario" classname="runner.SubscriptionsPageRunner" time="19.762"/>
  <testcase name="runScenario" classname="runner.SubscriptionsPageRunner" time="21.499"/>
  <testcase name="runScenario" classname="runner.SubscriptionsPageRunner" time="19.189"/>
  <testcase name="runScenario" classname="runner.SubscriptionsPageRunner" time="12.635"/>
  <testcase name="runScenario" classname="runner.SubscriptionsPageRunner" time="20.331"/>
  <testcase name="runScenario" classname="runner.SubscriptionsPageRunner" time="20.1"/>
  <testcase name="runScenario" classname="runner.SubscriptionsPageRunner" time="22.144"/>
  <testcase name="runScenario" classname="runner.SubscriptionsPageRunner" time="20.327"/>
  <testcase name="runScenario" classname="runner.SubscriptionsPageRunner" time="19.615"/>
</testsuite>