<?xml version="1.0" encoding="UTF-8"?>
<testng-results ignored="0" total="9" passed="9" failed="0" skipped="0">
  <reporter-output>
  </reporter-output>
  <suite started-at="2023-04-08T21:13:31Z" name="Test Suite" finished-at="2023-04-08T21:16:34Z" duration-ms="183937">
    <groups>
      <group name="cucumber">
        <method signature="AbstractTestNGCucumberTests.runScenario(io.cucumber.testng.PickleEventWrapper, io.cucumber.testng.CucumberFeatureWrapper)[pri:0, instance:runner.SubscriptionsPageRunner@4ddced80]" name="runScenario" class="io.cucumber.testng.AbstractTestNGCucumberTests"/>
      </group> <!-- cucumber -->
    </groups>
    <test started-at="2023-04-08T21:13:31Z" name="Subscriptions" finished-at="2023-04-08T21:16:34Z" duration-ms="183937">
      <class name="runner.SubscriptionsPageRunner">
        <test-method is-config="true" signature="setUpClass()[pri:0, instance:runner.SubscriptionsPageRunner@4ddced80]" started-at="2023-04-08T21:13:31Z" name="setUpClass" finished-at="2023-04-08T21:13:31Z" duration-ms="131" status="PASS">
          <reporter-output>
          </reporter-output>
        </test-method> <!-- setUpClass -->
        <test-method is-config="true" signature="before()[pri:0, instance:runner.SubscriptionsPageRunner@4ddced80]" started-at="2023-04-08T21:13:31Z" name="before" finished-at="2023-04-08T21:13:31Z" duration-ms="1" status="PASS">
          <reporter-output>
          </reporter-output>
        </test-method> <!-- before -->
        <test-method signature="runScenario(io.cucumber.testng.PickleEventWrapper, io.cucumber.testng.CucumberFeatureWrapper)[pri:0, instance:runner.SubscriptionsPageRunner@4ddced80]" started-at="2023-04-08T21:13:31Z" name="runScenario" description="Runs Cucumber Scenarios" data-provider="scenarios" finished-at="2023-04-08T21:13:57Z" duration-ms="26025" status="PASS">
          <params>
            <param index="0">
              <value>
                <![CDATA["Check BAH Types"]]>
              </value>
            </param>
            <param index="1">
              <value>
                <![CDATA["BAH Page Verifications"]]>
              </value>
            </param>
          </params>
          <reporter-output>
          </reporter-output>
        </test-method> <!-- runScenario -->
        <test-method signature="runScenario(io.cucumber.testng.PickleEventWrapper, io.cucumber.testng.CucumberFeatureWrapper)[pri:0, instance:runner.SubscriptionsPageRunner@4ddced80]" started-at="2023-04-08T21:13:57Z" name="runScenario" description="Runs Cucumber Scenarios" data-provider="scenarios" finished-at="2023-04-08T21:14:16Z" duration-ms="19221" status="PASS">
          <params>
            <param index="0">
              <value>
                <![CDATA["Check BAH Types"]]>
              </value>
            </param>
            <param index="1">
              <value>
                <![CDATA["BAH Page Verifications"]]>
              </value>
            </param>
          </params>
          <reporter-output>
          </reporter-output>
        </test-method> <!-- runScenario -->
        <test-method signature="runScenario(io.cucumber.testng.PickleEventWrapper, io.cucumber.testng.CucumberFeatureWrapper)[pri:0, instance:runner.SubscriptionsPageRunner@4ddced80]" started-at="2023-04-08T21:14:16Z" name="runScenario" description="Runs Cucumber Scenarios" data-provider="scenarios" finished-at="2023-04-08T21:14:34Z" duration-ms="18137" status="PASS">
          <params>
            <param index="0">
              <value>
                <![CDATA["Check BAH Types"]]>
              </value>
            </param>
            <param index="1">
              <value>
                <![CDATA["BAH Page Verifications"]]>
              </value>
            </param>
          </params>
          <reporter-output>
          </reporter-output>
        </test-method> <!-- runScenario -->
        <test-method signature="runScenario(io.cucumber.testng.PickleEventWrapper, io.cucumber.testng.CucumberFeatureWrapper)[pri:0, instance:runner.SubscriptionsPageRunner@4ddced80]" started-at="2023-04-08T21:14:34Z" name="runScenario" description="Runs Cucumber Scenarios" data-provider="scenarios" finished-at="2023-04-08T21:14:56Z" duration-ms="21450" status="PASS">
          <params>
            <param index="0">
              <value>
                <![CDATA["Check KSA Types"]]>
              </value>
            </param>
            <param index="1">
              <value>
                <![CDATA["KSA Page Verifications"]]>
              </value>
            </param>
          </params>
          <reporter-output>
          </reporter-output>
        </test-method> <!-- runScenario -->
        <test-method signature="runScenario(io.cucumber.testng.PickleEventWrapper, io.cucumber.testng.CucumberFeatureWrapper)[pri:0, instance:runner.SubscriptionsPageRunner@4ddced80]" started-at="2023-04-08T21:14:56Z" name="runScenario" description="Runs Cucumber Scenarios" data-provider="scenarios" finished-at="2023-04-08T21:15:15Z" duration-ms="19007" status="PASS">
          <params>
            <param index="0">
              <value>
                <![CDATA["Check KSA Types"]]>
              </value>
            </param>
            <param index="1">
              <value>
                <![CDATA["KSA Page Verifications"]]>
              </value>
            </param>
          </params>
          <reporter-output>
          </reporter-output>
        </test-method> <!-- runScenario -->
        <test-method signature="runScenario(io.cucumber.testng.PickleEventWrapper, io.cucumber.testng.CucumberFeatureWrapper)[pri:0, instance:runner.SubscriptionsPageRunner@4ddced80]" started-at="2023-04-08T21:15:15Z" name="runScenario" description="Runs Cucumber Scenarios" data-provider="scenarios" finished-at="2023-04-08T21:15:35Z" duration-ms="20893" status="PASS">
          <params>
            <param index="0">
              <value>
                <![CDATA["Check KSA Types"]]>
              </value>
            </param>
            <param index="1">
              <value>
                <![CDATA["KSA Page Verifications"]]>
              </value>
            </param>
          </params>
          <reporter-output>
          </reporter-output>
        </test-method> <!-- runScenario -->
        <test-method signature="runScenario(io.cucumber.testng.PickleEventWrapper, io.cucumber.testng.CucumberFeatureWrapper)[pri:0, instance:runner.SubscriptionsPageRunner@4ddced80]" started-at="2023-04-08T21:15:35Z" name="runScenario" description="Runs Cucumber Scenarios" data-provider="scenarios" finished-at="2023-04-08T21:15:56Z" duration-ms="20873" status="PASS">
          <params>
            <param index="0">
              <value>
                <![CDATA["Check KUW Types"]]>
              </value>
            </param>
            <param index="1">
              <value>
                <![CDATA["KUW Page Verifications"]]>
              </value>
            </param>
          </params>
          <reporter-output>
          </reporter-output>
        </test-method> <!-- runScenario -->
        <test-method signature="runScenario(io.cucumber.testng.PickleEventWrapper, io.cucumber.testng.CucumberFeatureWrapper)[pri:0, instance:runner.SubscriptionsPageRunner@4ddced80]" started-at="2023-04-08T21:15:56Z" name="runScenario" description="Runs Cucumber Scenarios" data-provider="scenarios" finished-at="2023-04-08T21:16:16Z" duration-ms="19499" status="PASS">
          <params>
            <param index="0">
              <value>
                <![CDATA["Check KUW Types"]]>
              </value>
            </param>
            <param index="1">
              <value>
                <![CDATA["KUW Page Verifications"]]>
              </value>
            </param>
          </params>
          <reporter-output>
          </reporter-output>
        </test-method> <!-- runScenario -->
        <test-method signature="runScenario(io.cucumber.testng.PickleEventWrapper, io.cucumber.testng.CucumberFeatureWrapper)[pri:0, instance:runner.SubscriptionsPageRunner@4ddced80]" started-at="2023-04-08T21:16:16Z" name="runScenario" description="Runs Cucumber Scenarios" data-provider="scenarios" finished-at="2023-04-08T21:16:34Z" duration-ms="18402" status="PASS">
          <params>
            <param index="0">
              <value>
                <![CDATA["Check KUW Types"]]>
              </value>
            </param>
            <param index="1">
              <value>
                <![CDATA["KUW Page Verifications"]]>
              </value>
            </param>
          </params>
          <reporter-output>
          </reporter-output>
        </test-method> <!-- runScenario -->
        <test-method is-config="true" signature="after()[pri:0, instance:runner.SubscriptionsPageRunner@4ddced80]" started-at="2023-04-08T21:16:34Z" name="after" finished-at="2023-04-08T21:16:34Z" duration-ms="1" status="PASS">
          <reporter-output>
          </reporter-output>
        </test-method> <!-- after -->
        <test-method is-config="true" signature="tearDownClass()[pri:0, instance:runner.SubscriptionsPageRunner@4ddced80]" started-at="2023-04-08T21:16:34Z" name="tearDownClass" finished-at="2023-04-08T21:16:34Z" duration-ms="230" status="PASS">
          <reporter-output>
          </reporter-output>
        </test-method> <!-- tearDownClass -->
      </class> <!-- runner.SubscriptionsPageRunner -->
    </test> <!-- Subscriptions -->
  </suite> <!-- Test Suite -->
</testng-results>
